INFO  [2020-10-13 01:49:22,392] io.dropwizard.server.DefaultServerFactory: Registering jersey handler with root path prefix: /
INFO  [2020-10-13 01:49:22,407] io.dropwizard.server.DefaultServerFactory: Registering admin handler with root path prefix: /
INFO  [2020-10-13 01:49:22,407] io.dropwizard.assets.AssetsBundle: Registering AssetBundle with name: assets for path /assets/*
INFO  [2020-10-13 01:49:22,438] io.dropwizard.hibernate.SessionFactoryFactory: Entity classes: [com.example.helloworld.core.Person]
INFO  [2020-10-13 01:49:22,592] org.hibernate.dialect.Dialect: HHH000400: Using dialect: org.hibernate.dialect.H2Dialect
INFO  [2020-10-13 01:49:22,835] io.dropwizard.server.ServerFactory: Starting hello-world
                           web-scale hello world dP for the web
                                                 88
  .d8888b. dP.  .dP .d8888b. 88d8b.d8b. 88d888b. 88 .d8888b.
  88ooood8  `8bd8'  88'  `88 88'`88'`88 88'  `88 88 88ooood8
  88.  ...  .d88b.  88.  .88 88  88  88 88.  .88 88 88.  ...
  `88888P' dP'  `dP `88888P8 dP  dP  dP 88Y888P' dP `88888P'
                                        88
                                        dP
INFO  [2020-10-13 01:49:23,031] org.eclipse.jetty.setuid.SetUIDListener: Opened application@6c8a7696{HTTP/1.1, (http/1.1)}{0.0.0.0:57897}
INFO  [2020-10-13 01:49:23,031] org.eclipse.jetty.setuid.SetUIDListener: Opened admin@60cd21e7{HTTP/1.1, (http/1.1)}{0.0.0.0:57898}
INFO  [2020-10-13 01:49:23,037] org.eclipse.jetty.server.Server: jetty-9.4.32.v20200930; built: 2020-09-30T16:16:37.804Z; git: de97d26f7bd222a0e16831e353d702a7a422f711; jvm 14.0.2+12-46
INFO  [2020-10-13 01:49:24,132] io.dropwizard.jersey.DropwizardResourceConfig: The following paths were found for the configured resources:

    GET     /filtered/hello (com.example.helloworld.resources.FilteredResource)
    GET     /hello-world (com.example.helloworld.resources.HelloWorldResource)
    POST    /hello-world (com.example.helloworld.resources.HelloWorldResource)
    GET     /hello-world/date (com.example.helloworld.resources.HelloWorldResource)
    GET     /people (com.example.helloworld.resources.PeopleResource)
    POST    /people (com.example.helloworld.resources.PeopleResource)
    GET     /people/{personId} (com.example.helloworld.resources.PersonResource)
    GET     /people/{personId}/view_freemarker (com.example.helloworld.resources.PersonResource)
    GET     /people/{personId}/view_mustache (com.example.helloworld.resources.PersonResource)
    GET     /protected (com.example.helloworld.resources.ProtectedResource)
    GET     /protected/admin (com.example.helloworld.resources.ProtectedResource)
    GET     /views/iso88591.ftl (com.example.helloworld.resources.ViewResource)
    GET     /views/iso88591.mustache (com.example.helloworld.resources.ViewResource)
    GET     /views/utf8.ftl (com.example.helloworld.resources.ViewResource)
    GET     /views/utf8.mustache (com.example.helloworld.resources.ViewResource)

INFO  [2020-10-13 01:49:24,140] org.eclipse.jetty.server.handler.ContextHandler: Started i.d.j.MutableServletContextHandler@319b2ce6{/,null,AVAILABLE}
INFO  [2020-10-13 01:49:24,145] io.dropwizard.setup.AdminEnvironment: tasks = 

    POST    /tasks/echo (com.example.helloworld.tasks.EchoTask)
    POST    /tasks/log-level (io.dropwizard.servlets.tasks.LogConfigurationTask)
    POST    /tasks/gc (io.dropwizard.servlets.tasks.GarbageCollectionTask)

INFO  [2020-10-13 01:49:24,161] org.eclipse.jetty.server.handler.ContextHandler: Started i.d.j.MutableServletContextHandler@538a9bbd{/,null,AVAILABLE}
INFO  [2020-10-13 01:49:24,193] org.eclipse.jetty.server.AbstractConnector: Started application@6c8a7696{HTTP/1.1, (http/1.1)}{0.0.0.0:57897}
INFO  [2020-10-13 01:49:24,197] org.eclipse.jetty.server.AbstractConnector: Started admin@60cd21e7{HTTP/1.1, (http/1.1)}{0.0.0.0:57898}
INFO  [2020-10-13 01:49:24,197] org.eclipse.jetty.server.Server: Started @27850ms
INFO  [2020-10-13 01:49:25,328] liquibase.lockservice.StandardLockService: Successfully acquired change log lock
INFO  [2020-10-13 01:49:25,838] liquibase.changelog.StandardChangeLogHistoryService: Creating database history table with name: PUBLIC.DATABASECHANGELOG
INFO  [2020-10-13 01:49:25,846] liquibase.changelog.StandardChangeLogHistoryService: Reading from PUBLIC.DATABASECHANGELOG
INFO  [2020-10-13 01:49:26,023] liquibase.changelog.ChangeSet: Table people created
INFO  [2020-10-13 01:49:26,025] liquibase.changelog.ChangeSet: ChangeSet migrations.xml::1::codahale ran successfully in 8ms
INFO  [2020-10-13 01:49:26,061] liquibase.lockservice.StandardLockService: Successfully released change log lock
INFO  [2020-10-13 01:49:26,473] org.hibernate.engine.internal.StatisticalLoggingSessionEventListener: Session Metrics {
    56301 nanoseconds spent acquiring 1 JDBC connections;
    39600 nanoseconds spent releasing 1 JDBC connections;
    10995699 nanoseconds spent preparing 1 JDBC statements;
    1368201 nanoseconds spent executing 1 JDBC statements;
    0 nanoseconds spent executing 0 JDBC batches;
    0 nanoseconds spent performing 0 L2C puts;
    0 nanoseconds spent performing 0 L2C hits;
    0 nanoseconds spent performing 0 L2C misses;
    221201 nanoseconds spent executing 1 flushes (flushing a total of 1 entities and 0 collections);
    0 nanoseconds spent executing 0 partial-flushes (flushing a total of 0 entities and 0 collections)
}
INFO  [2020-10-13 01:49:26,602] org.hibernate.engine.internal.StatisticalLoggingSessionEventListener: Session Metrics {
    75300 nanoseconds spent acquiring 1 JDBC connections;
    98700 nanoseconds spent releasing 1 JDBC connections;
    652900 nanoseconds spent preparing 1 JDBC statements;
    758299 nanoseconds spent executing 1 JDBC statements;
    0 nanoseconds spent executing 0 JDBC batches;
    0 nanoseconds spent performing 0 L2C puts;
    0 nanoseconds spent performing 0 L2C hits;
    0 nanoseconds spent performing 0 L2C misses;
    401500 nanoseconds spent executing 1 flushes (flushing a total of 1 entities and 0 collections);
    0 nanoseconds spent executing 0 partial-flushes (flushing a total of 0 entities and 0 collections)
}
INFO  [2020-10-13 01:49:26,642] org.hibernate.engine.internal.StatisticalLoggingSessionEventListener: Session Metrics {
    141601 nanoseconds spent acquiring 1 JDBC connections;
    46900 nanoseconds spent releasing 1 JDBC connections;
    117199 nanoseconds spent preparing 1 JDBC statements;
    830299 nanoseconds spent executing 1 JDBC statements;
    0 nanoseconds spent executing 0 JDBC batches;
    0 nanoseconds spent performing 0 L2C puts;
    0 nanoseconds spent performing 0 L2C hits;
    0 nanoseconds spent performing 0 L2C misses;
    285500 nanoseconds spent executing 1 flushes (flushing a total of 1 entities and 0 collections);
    0 nanoseconds spent executing 0 partial-flushes (flushing a total of 0 entities and 0 collections)
}
INFO  [2020-10-13 01:49:26,658] org.hibernate.engine.internal.StatisticalLoggingSessionEventListener: Session Metrics {
    99901 nanoseconds spent acquiring 1 JDBC connections;
    40500 nanoseconds spent releasing 1 JDBC connections;
    220900 nanoseconds spent preparing 1 JDBC statements;
    927699 nanoseconds spent executing 1 JDBC statements;
    0 nanoseconds spent executing 0 JDBC batches;
    0 nanoseconds spent performing 0 L2C puts;
    0 nanoseconds spent performing 0 L2C hits;
    0 nanoseconds spent performing 0 L2C misses;
    330599 nanoseconds spent executing 1 flushes (flushing a total of 1 entities and 0 collections);
    0 nanoseconds spent executing 0 partial-flushes (flushing a total of 0 entities and 0 collections)
}
INFO  [2020-10-13 01:49:26,992] org.hibernate.engine.internal.StatisticalLoggingSessionEventListener: Session Metrics {
    75901 nanoseconds spent acquiring 1 JDBC connections;
    33601 nanoseconds spent releasing 1 JDBC connections;
    137499 nanoseconds spent preparing 1 JDBC statements;
    391800 nanoseconds spent executing 1 JDBC statements;
    0 nanoseconds spent executing 0 JDBC batches;
    0 nanoseconds spent performing 0 L2C puts;
    0 nanoseconds spent performing 0 L2C hits;
    0 nanoseconds spent performing 0 L2C misses;
    200500 nanoseconds spent executing 1 flushes (flushing a total of 1 entities and 0 collections);
    0 nanoseconds spent executing 0 partial-flushes (flushing a total of 0 entities and 0 collections)
}
INFO  [2020-10-13 01:49:27,026] org.eclipse.jetty.server.AbstractConnector: Stopped application@6c8a7696{HTTP/1.1, (http/1.1)}{0.0.0.0:0}
INFO  [2020-10-13 01:49:27,027] org.eclipse.jetty.server.AbstractConnector: Stopped admin@60cd21e7{HTTP/1.1, (http/1.1)}{0.0.0.0:0}
INFO  [2020-10-13 01:49:27,031] org.eclipse.jetty.server.handler.ContextHandler: Stopped i.d.j.MutableServletContextHandler@538a9bbd{/,null,STOPPED}
INFO  [2020-10-13 01:49:27,039] org.eclipse.jetty.server.handler.ContextHandler: Stopped i.d.j.MutableServletContextHandler@319b2ce6{/,null,STOPPED}
